=== Parameters ===
Model Params:	32.79 [million]
=== Dataset ===
Batch size: 128
Train data:
Files:	60000
Batches:	468

[ Started training ]

Step 1: (loss: 1.1074202060699463, loss_fm: 1.1074202060699463, loss_sc: 0.0, lr: 1.9989000574955988e-07)
	->->-> Saved checkpoints.
	->->-> Sampled.
Step 101: (loss: 1.0393831729888916, loss_fm: 1.0393831729888916, loss_sc: 3.482233239537891e-07, lr: 9.653027918322868e-06)
Step 201: (loss: 0.39735841751098633, loss_fm: 0.39735841751098633, loss_sc: 0.003149639815092087, lr: 1.811758906252399e-05)
Step 301: (loss: 0.24357487261295319, loss_fm: 0.24357487261295319, loss_sc: 0.004574005492031574, lr: 2.569354313579967e-05)
Step 401: (loss: 0.2174096554517746, loss_fm: 0.2174096554517746, loss_sc: 0.0032427848782390356, lr: 3.2470740210850316e-05)
Step 501: (loss: 0.21389932930469513, loss_fm: 0.21389932930469513, loss_sc: 0.0027088650967925787, lr: 3.8529940801780945e-05)
Step 601: (loss: 0.19083952903747559, loss_fm: 0.19083952903747559, loss_sc: 0.002533045830205083, lr: 4.394374030763749e-05)
Step 701: (loss: 0.18566696345806122, loss_fm: 0.18566696345806122, loss_sc: 0.001022647018544376, lr: 4.8777398761348056e-05)
Step 801: (loss: 0.1771681010723114, loss_fm: 0.1771681010723114, loss_sc: 0.001034995773807168, lr: 5.3089585669143424e-05)
Step 901: (loss: 0.17169736325740814, loss_fm: 0.17169736325740814, loss_sc: 0.0009582897182554007, lr: 5.693304870369694e-05)
Step 1001: (loss: 0.16597585380077362, loss_fm: 0.16597585380077362, loss_sc: 0.0008272386039607227, lr: 6.0355214100463975e-05)
Step 1101: (loss: 0.1768977791070938, loss_fm: 0.1768977791070938, loss_sc: 0.0007570168236270547, lr: 6.339872578940753e-05)
Step 1201: (loss: 0.15512840449810028, loss_fm: 0.15512840449810028, loss_sc: 0.0009215426980517805, lr: 6.61019295631313e-05)
Step 1301: (loss: 0.1450745165348053, loss_fm: 0.1450745165348053, loss_sc: 0.0008276390144601464, lr: 6.849930792819681e-05)
Step 1401: (loss: 0.1389552801847458, loss_fm: 0.1389552801847458, loss_sc: 0.0009674569591879845, lr: 7.062187070086742e-05)
Step 1501: (loss: 0.14954721927642822, loss_fm: 0.14954721927642822, loss_sc: 0.0013750252546742558, lr: 7.24975058843852e-05)
Step 1601: (loss: 0.13399390876293182, loss_fm: 0.13399390876293182, loss_sc: 0.0009737546788528562, lr: 7.415129489561982e-05)
Step 1701: (loss: 0.12404323369264603, loss_fm: 0.12404323369264603, loss_sc: 0.0008880448876880109, lr: 7.560579578871447e-05)
Step 1801: (loss: 0.13753239810466766, loss_fm: 0.13753239810466766, loss_sc: 0.0015855879755690694, lr: 7.688129774699725e-05)
Step 1901: (loss: 0.11753511428833008, loss_fm: 0.11753511428833008, loss_sc: 0.0012832559878006577, lr: 7.799604977729449e-05)
Step 2001: (loss: 0.12235860526561737, loss_fm: 0.12235860526561737, loss_sc: 0.0016779731959104538, lr: 7.896646623873741e-05)
	->->-> Saved checkpoints.
	->->-> Sampled.
Step 2101: (loss: 0.13062553107738495, loss_fm: 0.13062553107738495, loss_sc: 0.0010696375975385308, lr: 7.980731156749946e-05)
Step 2201: (loss: 0.1266939491033554, loss_fm: 0.1266939491033554, loss_sc: 0.004530677106231451, lr: 8.053186631633982e-05)
Step 2301: (loss: 0.12022668123245239, loss_fm: 0.12022668123245239, loss_sc: 0.0015652066795155406, lr: 8.115207641041022e-05)
Step 2401: (loss: 0.11346298456192017, loss_fm: 0.11346298456192017, loss_sc: 0.002981405472382903, lr: 8.16786873258721e-05)
Step 2501: (loss: 0.11051896959543228, loss_fm: 0.11051896959543228, loss_sc: 0.0017620320431888103, lr: 8.212136472311416e-05)
Step 2601: (loss: 0.12031383067369461, loss_fm: 0.12031383067369461, loss_sc: 0.0012792025227099657, lr: 8.248880290965216e-05)
Step 2701: (loss: 0.1118227019906044, loss_fm: 0.1118227019906044, loss_sc: 0.001531138550490141, lr: 8.2788822367249e-05)
Step 2801: (loss: 0.10921409726142883, loss_fm: 0.10921409726142883, loss_sc: 0.001249691122211516, lr: 8.302845745173087e-05)
Step 2901: (loss: 0.10958066582679749, loss_fm: 0.10958066582679749, loss_sc: 0.0016022671479731798, lr: 8.321403526088691e-05)
Step 3001: (loss: 0.10199585556983948, loss_fm: 0.10199585556983948, loss_sc: 0.0011189199285581708, lr: 8.335124656438011e-05)
Step 3101: (loss: 0.10336575657129288, loss_fm: 0.10336575657129288, loss_sc: 0.0019003547495231032, lr: 8.344520959855426e-05)
Step 3201: (loss: 0.09792543202638626, loss_fm: 0.09792543202638626, loss_sc: 0.0007533354801125824, lr: 8.350052744732355e-05)
Step 3301: (loss: 0.10753929615020752, loss_fm: 0.10753929615020752, loss_sc: 0.0027451305650174618, lr: 8.352133965700333e-05)
Step 3401: (loss: 0.0975058376789093, loss_fm: 0.0975058376789093, loss_sc: 0.0013354067923501134, lr: 8.351136866712316e-05)
Step 3501: (loss: 0.10466784238815308, loss_fm: 0.10466784238815308, loss_sc: 0.0022397697903215885, lr: 8.347396158017726e-05)
Step 3601: (loss: 0.09843747317790985, loss_fm: 0.09843747317790985, loss_sc: 0.001350252772681415, lr: 8.341212774022074e-05)
Step 3701: (loss: 0.09474736452102661, loss_fm: 0.09474736452102661, loss_sc: 0.0020047586876899004, lr: 8.332857254258971e-05)
Step 3801: (loss: 0.09827963262796402, loss_fm: 0.09827963262796402, loss_sc: 0.0021530170924961567, lr: 8.322572785425181e-05)
Step 3901: (loss: 0.09895727783441544, loss_fm: 0.09895727783441544, loss_sc: 0.004260238725692034, lr: 8.310577938588203e-05)
Step 4001: (loss: 0.10242918133735657, loss_fm: 0.10242918133735657, loss_sc: 0.0017385589890182018, lr: 8.297069132225876e-05)
	->->-> Saved checkpoints.
	->->-> Sampled.
Step 4101: (loss: 0.10039950907230377, loss_fm: 0.10039950907230377, loss_sc: 0.002206243108958006, lr: 8.282222848658592e-05)
Step 4201: (loss: 0.10026853531599045, loss_fm: 0.10026853531599045, loss_sc: 0.00723468279466033, lr: 8.266197628650813e-05)
Step 4301: (loss: 0.09449735283851624, loss_fm: 0.09449735283851624, loss_sc: 0.0008429080480709672, lr: 8.249135866457625e-05)
Step 4401: (loss: 0.09096796810626984, loss_fm: 0.09096796810626984, loss_sc: 0.001454765792004764, lr: 8.231165425344873e-05)
Step 4501: (loss: 0.089276984333992, loss_fm: 0.089276984333992, loss_sc: 0.002446357160806656, lr: 8.212401091592259e-05)
Step 4601: (loss: 0.09311007708311081, loss_fm: 0.09311007708311081, loss_sc: 0.0027702092193067074, lr: 8.192945883174264e-05)
Step 4701: (loss: 0.11239282041788101, loss_fm: 0.11239282041788101, loss_sc: 0.00449113454669714, lr: 8.172892227683033e-05)
Step 4801: (loss: 0.09592930972576141, loss_fm: 0.09592930972576141, loss_sc: 0.0018691520672291517, lr: 8.152323022591701e-05)
Step 4901: (loss: 0.08988099545240402, loss_fm: 0.08988099545240402, loss_sc: 0.0019436778966337442, lr: 8.131312589639183e-05)
Step 5001: (loss: 0.09330996125936508, loss_fm: 0.09330996125936508, loss_sc: 0.001404380425810814, lr: 8.109927533933257e-05)
Step 5101: (loss: 0.08990436047315598, loss_fm: 0.08990436047315598, loss_sc: 0.003505663014948368, lr: 8.088227517304103e-05)
Step 5201: (loss: 0.08624180406332016, loss_fm: 0.08624180406332016, loss_sc: 0.0006280401721596718, lr: 8.066265954483297e-05)
Step 5301: (loss: 0.09475205093622208, loss_fm: 0.09475205093622208, loss_sc: 0.0011572688817977905, lr: 8.044090639822681e-05)
Step 5401: (loss: 0.08841902017593384, loss_fm: 0.08841902017593384, loss_sc: 0.003124676179140806, lr: 8.021744311493704e-05)
Step 5501: (loss: 0.09413319081068039, loss_fm: 0.09413319081068039, loss_sc: 0.002638145349919796, lr: 7.999265159411905e-05)
Step 5601: (loss: 0.09298133105039597, loss_fm: 0.09298133105039597, loss_sc: 0.0014884235570207238, lr: 7.976687282505535e-05)
Step 5701: (loss: 0.09034651517868042, loss_fm: 0.09034651517868042, loss_sc: 0.0030804385896772146, lr: 7.954041100384368e-05)
Step 5801: (loss: 0.0909167006611824, loss_fm: 0.0909167006611824, loss_sc: 0.001518925535492599, lr: 7.931353723958662e-05)
Step 5901: (loss: 0.08307353407144547, loss_fm: 0.08307353407144547, loss_sc: 0.0008903401903808117, lr: 7.908649289102829e-05)
Step 6001: (loss: 0.09337931871414185, loss_fm: 0.09337931871414185, loss_sc: 0.003977574873715639, lr: 7.8859492570489e-05)
	->->-> Saved checkpoints.
	->->-> Sampled.
Step 6101: (loss: 0.09350626170635223, loss_fm: 0.09350626170635223, loss_sc: 0.002656964585185051, lr: 7.863272684826285e-05)
Step 6201: (loss: 0.09073369950056076, loss_fm: 0.09073369950056076, loss_sc: 0.0036579971201717854, lr: 7.84063646873305e-05)
Step 6301: (loss: 0.10769664496183395, loss_fm: 0.10769664496183395, loss_sc: 0.0014062243280932307, lr: 7.818055563525524e-05)
Step 6401: (loss: 0.09013313055038452, loss_fm: 0.09013313055038452, loss_sc: 0.0016223739366978407, lr: 7.795543179744914e-05)
Step 6501: (loss: 0.09792158007621765, loss_fm: 0.09792158007621765, loss_sc: 0.0015612003626301885, lr: 7.77311096135802e-05)
Step 6601: (loss: 0.09251883625984192, loss_fm: 0.09251883625984192, loss_sc: 0.0049675204791128635, lr: 7.750769145672036e-05)
Step 6701: (loss: 0.0793573260307312, loss_fm: 0.0793573260307312, loss_sc: 0.0012712068855762482, lr: 7.728526707287829e-05)
Step 6801: (loss: 0.09361230581998825, loss_fm: 0.09361230581998825, loss_sc: 0.003554821014404297, lr: 7.706391487680206e-05)
Step 6901: (loss: 0.0930061936378479, loss_fm: 0.0930061936378479, loss_sc: 0.005326572805643082, lr: 7.68437031183534e-05)
Step 7001: (loss: 0.09085118770599365, loss_fm: 0.09085118770599365, loss_sc: 0.003914122469723225, lr: 7.662469093232998e-05)
Step 7101: (loss: 0.08273808658123016, loss_fm: 0.08273808658123016, loss_sc: 0.005601685959845781, lr: 7.640692928333003e-05)
Step 7201: (loss: 0.08781430125236511, loss_fm: 0.08781430125236511, loss_sc: 0.0009840431157499552, lr: 7.619046181609844e-05)
Step 7301: (loss: 0.09056020528078079, loss_fm: 0.09056020528078079, loss_sc: 0.002829297911375761, lr: 7.597532562075493e-05)
Step 7401: (loss: 0.09379930794239044, loss_fm: 0.09379930794239044, loss_sc: 0.0031321237329393625, lr: 7.576155192136895e-05)
Step 7501: (loss: 0.08481484651565552, loss_fm: 0.08481484651565552, loss_sc: 0.0021347913425415754, lr: 7.554916669550399e-05)
Step 7601: (loss: 0.09206964820623398, loss_fm: 0.09206964820623398, loss_sc: 0.002469981089234352, lr: 7.533819123159576e-05)
Step 7701: (loss: 0.09145280718803406, loss_fm: 0.09145280718803406, loss_sc: 0.006012508179992437, lr: 7.512864263034646e-05)
Step 7801: (loss: 0.09414198994636536, loss_fm: 0.09414198994636536, loss_sc: 0.0034256125800311565, lr: 7.492053425570187e-05)
Step 7901: (loss: 0.08547841757535934, loss_fm: 0.08547841757535934, loss_sc: 0.003069801488891244, lr: 7.471387614042626e-05)
Step 8001: (loss: 0.09112036228179932, loss_fm: 0.09112036228179932, loss_sc: 0.005306020379066467, lr: 7.450867535078987e-05)
	->->-> Saved checkpoints.
	->->-> Sampled.
Step 8101: (loss: 0.09082318842411041, loss_fm: 0.09082318842411041, loss_sc: 0.005372349172830582, lr: 7.430493631443721e-05)
Step 8201: (loss: 0.0963268056511879, loss_fm: 0.0963268056511879, loss_sc: 0.0009617719915695488, lr: 7.41026611150987e-05)
Step 8301: (loss: 0.09223499149084091, loss_fm: 0.09223499149084091, loss_sc: 0.0007421012269333005, lr: 7.390184975744526e-05)
Step 8401: (loss: 0.08644749969244003, loss_fm: 0.08644749969244003, loss_sc: 0.004073241259902716, lr: 7.370250040505814e-05)
Step 8501: (loss: 0.08794859051704407, loss_fm: 0.08794859051704407, loss_sc: 0.00445542624220252, lr: 7.35046095941902e-05)
Step 8601: (loss: 0.10729210078716278, loss_fm: 0.10729210078716278, loss_sc: 0.0029846637044101954, lr: 7.330817242573017e-05)
Step 8701: (loss: 0.08562992513179779, loss_fm: 0.08562992513179779, loss_sc: 0.002001868560910225, lr: 7.311318273754157e-05)
Step 8801: (loss: 0.08767819404602051, loss_fm: 0.08767819404602051, loss_sc: 0.0046078055165708065, lr: 7.291963325913255e-05)
Step 8901: (loss: 0.07826915383338928, loss_fm: 0.07826915383338928, loss_sc: 0.0023789717815816402, lr: 7.272751575041908e-05)
Step 9001: (loss: 0.08870947360992432, loss_fm: 0.08870947360992432, loss_sc: 0.0006911471718922257, lr: 7.253682112616832e-05)
Step 9101: (loss: 0.08859662711620331, loss_fm: 0.08859662711620331, loss_sc: 0.0016577675705775619, lr: 7.234753956755256e-05)
Step 9201: (loss: 0.09256571531295776, loss_fm: 0.09256571531295776, loss_sc: 0.0015226281248033047, lr: 7.215966062210125e-05)
Step 9301: (loss: 0.09062030166387558, loss_fm: 0.09062030166387558, loss_sc: 0.0014775610761716962, lr: 7.197317329321146e-05)
Step 9401: (loss: 0.08886867016553879, loss_fm: 0.08886867016553879, loss_sc: 0.005044911988079548, lr: 7.17880661202619e-05)
Step 9501: (loss: 0.08455374091863632, loss_fm: 0.08455374091863632, loss_sc: 0.0008074288489297032, lr: 7.160432725027182e-05)
Step 9601: (loss: 0.09302573651075363, loss_fm: 0.09302573651075363, loss_sc: 0.006863822694867849, lr: 7.142194450195255e-05)
Step 9701: (loss: 0.08420909941196442, loss_fm: 0.08420909941196442, loss_sc: 0.0013061703648418188, lr: 7.124090542291576e-05)
Step 9801: (loss: 0.08819949626922607, loss_fm: 0.08819949626922607, loss_sc: 0.002531468402594328, lr: 7.106119734072621e-05)
Step 9901: (loss: 0.08336183428764343, loss_fm: 0.08336183428764343, loss_sc: 0.002438036724925041, lr: 7.08828074084189e-05)
Step 10001: (loss: 0.0896659642457962, loss_fm: 0.0896659642457962, loss_sc: 0.0015206967946141958, lr: 7.07057226450383e-05)
	->->-> Saved checkpoints.
	->->-> Sampled.
Step 10101: (loss: 0.0901724249124527, loss_fm: 0.0901724249124527, loss_sc: 0.0015026788460090756, lr: 7.052992997170311e-05)
Step 10201: (loss: 0.09874981641769409, loss_fm: 0.09874981641769409, loss_sc: 0.003599313786253333, lr: 7.035541624364849e-05)
Step 10301: (loss: 0.08069727569818497, loss_fm: 0.08069727569818497, loss_sc: 0.0016520351637154818, lr: 7.018216827865425e-05)
Step 10401: (loss: 0.08228322118520737, loss_fm: 0.08228322118520737, loss_sc: 0.0008215644047595561, lr: 7.00101728822258e-05)
Step 10501: (loss: 0.0851643830537796, loss_fm: 0.0851643830537796, loss_sc: 0.0032320041209459305, lr: 6.98394168698586e-05)
Step 10601: (loss: 0.0871046781539917, loss_fm: 0.0871046781539917, loss_sc: 0.005021670833230019, lr: 6.966988708668419e-05)
Step 10701: (loss: 0.07789431512355804, loss_fm: 0.07789431512355804, loss_sc: 0.0024844163563102484, lr: 6.950157042476573e-05)
Step 10801: (loss: 0.08740164339542389, loss_fm: 0.08740164339542389, loss_sc: 0.00222941767424345, lr: 6.933445383828432e-05)
Step 10901: (loss: 0.08848285675048828, loss_fm: 0.08848285675048828, loss_sc: 0.004086473491042852, lr: 6.916852435683397e-05)
Step 11001: (loss: 0.0832207128405571, loss_fm: 0.0832207128405571, loss_sc: 0.0024156386498361826, lr: 6.900376909702041e-05)
Step 11101: (loss: 0.08469069004058838, loss_fm: 0.08469069004058838, loss_sc: 0.0043000089935958385, lr: 6.884017527254023e-05)
Step 11201: (loss: 0.09436816722154617, loss_fm: 0.09436816722154617, loss_sc: 0.002652866533026099, lr: 6.867773020289855e-05)
Step 11301: (loss: 0.08749301731586456, loss_fm: 0.08749301731586456, loss_sc: 0.00045852953917346895, lr: 6.851642132090852e-05)
Step 11401: (loss: 0.08571109920740128, loss_fm: 0.08571109920740128, loss_sc: 0.0031652324832975864, lr: 6.835623617910028e-05)
Step 11501: (loss: 0.08117715269327164, loss_fm: 0.08117715269327164, loss_sc: 0.0013631603214889765, lr: 6.819716245515535e-05)
Step 11601: (loss: 0.08560240268707275, loss_fm: 0.08560240268707275, loss_sc: 0.0020421731751412153, lr: 6.80391879564707e-05)
Step 11701: (loss: 0.07854238152503967, loss_fm: 0.07854238152503967, loss_sc: 0.0030915760435163975, lr: 6.788230062394512e-05)
Step 11801: (loss: 0.08854622393846512, loss_fm: 0.08854622393846512, loss_sc: 0.0015525745693594217, lr: 6.772648853507282e-05)
Step 11901: (loss: 0.08806300908327103, loss_fm: 0.08806300908327103, loss_sc: 0.0010476948227733374, lr: 6.757173990641943e-05)
Step 12001: (loss: 0.09153091907501221, loss_fm: 0.09153091907501221, loss_sc: 0.0014943114947527647, lr: 6.741804309554841e-05)
	->->-> Saved checkpoints.
	->->-> Sampled.
Step 12101: (loss: 0.0839482992887497, loss_fm: 0.0839482992887497, loss_sc: 0.0015376764349639416, lr: 6.726538660245902e-05)
Step 12201: (loss: 0.086238332092762, loss_fm: 0.086238332092762, loss_sc: 0.004118205979466438, lr: 6.711375907059091e-05)
Step 12301: (loss: 0.09530262649059296, loss_fm: 0.09530262649059296, loss_sc: 0.0024897241964936256, lr: 6.696314928744409e-05)
Step 12401: (loss: 0.08265752345323563, loss_fm: 0.08265752345323563, loss_sc: 0.0012344312854111195, lr: 6.681354618485938e-05)
Step 12501: (loss: 0.08975468575954437, loss_fm: 0.08975468575954437, loss_sc: 0.0020882226526737213, lr: 6.666493883899828e-05)
Step 12601: (loss: 0.08544304221868515, loss_fm: 0.08544304221868515, loss_sc: 0.008451753295958042, lr: 6.65173164700586e-05)
Step 12701: (loss: 0.07935798168182373, loss_fm: 0.07935798168182373, loss_sc: 0.002731113927438855, lr: 6.637066844175745e-05)
Step 12801: (loss: 0.08420369774103165, loss_fm: 0.08420369774103165, loss_sc: 0.004975129384547472, lr: 6.622498426061052e-05)
Step 12901: (loss: 0.08445947617292404, loss_fm: 0.08445947617292404, loss_sc: 0.005745587404817343, lr: 6.608025357503326e-05)
Step 13001: (loss: 0.08630864322185516, loss_fm: 0.08630864322185516, loss_sc: 0.002051807241514325, lr: 6.593646617428715e-05)
Step 13101: (loss: 0.082674041390419, loss_fm: 0.082674041390419, loss_sc: 0.0006454903050325811, lr: 6.579361198729158e-05)
Step 13201: (loss: 0.09275456517934799, loss_fm: 0.09275456517934799, loss_sc: 0.0028822075109928846, lr: 6.565168108131992e-05)
Step 13301: (loss: 0.08479185402393341, loss_fm: 0.08479185402393341, loss_sc: 0.0046930378302931786, lr: 6.551066366059622e-05)
Step 13401: (loss: 0.08740660548210144, loss_fm: 0.08740660548210144, loss_sc: 0.0009592319838702679, lr: 6.537055006480746e-05)
Step 13501: (loss: 0.07726703584194183, loss_fm: 0.07726703584194183, loss_sc: 0.0025801900774240494, lr: 6.523133076754435e-05)
Step 13601: (loss: 0.0809457078576088, loss_fm: 0.0809457078576088, loss_sc: 0.002886410104110837, lr: 6.509299637468266e-05)
Step 13701: (loss: 0.0880834087729454, loss_fm: 0.0880834087729454, loss_sc: 0.0004486679972615093, lr: 6.495553762271541e-05)
Step 13801: (loss: 0.07951351255178452, loss_fm: 0.07951351255178452, loss_sc: 0.0007217994425445795, lr: 6.481894537704526e-05)
Step 13901: (loss: 0.08172406256198883, loss_fm: 0.08172406256198883, loss_sc: 0.0027102006133645773, lr: 6.468321063024579e-05)
Step 14001: (loss: 0.08281754702329636, loss_fm: 0.08281754702329636, loss_sc: 0.0007051410502754152, lr: 6.454832450029829e-05)
	->->-> Saved checkpoints.
	->->-> Sampled.
Step 14101: (loss: 0.08302868902683258, loss_fm: 0.08302868902683258, loss_sc: 0.001623727148398757, lr: 6.441427822881156e-05)
Step 14201: (loss: 0.07747898250818253, loss_fm: 0.07747898250818253, loss_sc: 0.0028048239182680845, lr: 6.42810631792297e-05)
Step 14301: (loss: 0.08561937510967255, loss_fm: 0.08561937510967255, loss_sc: 0.006223889999091625, lr: 6.414867083503361e-05)
Step 14401: (loss: 0.07807391881942749, loss_fm: 0.07807391881942749, loss_sc: 0.001395443337969482, lr: 6.401709279794029e-05)
Step 14501: (loss: 0.08874669671058655, loss_fm: 0.08874669671058655, loss_sc: 0.005258300807327032, lr: 6.388632078610443e-05)
Step 14601: (loss: 0.0861717164516449, loss_fm: 0.0861717164516449, loss_sc: 0.0030357902869582176, lr: 6.375634663232507e-05)
Step 14701: (loss: 0.08454520255327225, loss_fm: 0.08454520255327225, loss_sc: 0.004000386223196983, lr: 6.36271622822613e-05)
Step 14801: (loss: 0.08770470321178436, loss_fm: 0.08770470321178436, loss_sc: 0.002236800966784358, lr: 6.349875979265888e-05)
Step 14901: (loss: 0.08521389961242676, loss_fm: 0.08521389961242676, loss_sc: 0.0005325288511812687, lr: 6.337113132959064e-05)
Step 15001: (loss: 0.08064921200275421, loss_fm: 0.08064921200275421, loss_sc: 0.0015424620360136032, lr: 6.32442691667123e-05)
Step 15101: (loss: 0.07739870250225067, loss_fm: 0.07739870250225067, loss_sc: 0.002138317795470357, lr: 6.311816568353578e-05)
Step 15201: (loss: 0.0741070955991745, loss_fm: 0.0741070955991745, loss_sc: 0.002085346495732665, lr: 6.299281336372125e-05)
Step 15301: (loss: 0.08261184394359589, loss_fm: 0.08261184394359589, loss_sc: 0.007355392910540104, lr: 6.28682047933894e-05)
Step 15401: (loss: 0.07939382642507553, loss_fm: 0.07939382642507553, loss_sc: 0.0015896783443167806, lr: 6.274433265945462e-05)
Step 15501: (loss: 0.08384636789560318, loss_fm: 0.08384636789560318, loss_sc: 0.0006498685106635094, lr: 6.26211897479805e-05)
Step 15601: (loss: 0.08377465605735779, loss_fm: 0.08377465605735779, loss_sc: 0.002320079365745187, lr: 6.249876894255793e-05)
Step 15701: (loss: 0.07338683307170868, loss_fm: 0.07338683307170868, loss_sc: 0.0024445513263344765, lr: 6.237706322270665e-05)
Step 15801: (loss: 0.07638503611087799, loss_fm: 0.07638503611087799, loss_sc: 0.0005959083791822195, lr: 6.225606566230061e-05)
Step 15901: (loss: 0.0825698971748352, loss_fm: 0.0825698971748352, loss_sc: 0.001432704390026629, lr: 6.213576942801742e-05)
Step 16001: (loss: 0.08068840950727463, loss_fm: 0.08068840950727463, loss_sc: 0.004098163451999426, lr: 6.201616777781246e-05)
	->->-> Saved checkpoints.
	->->-> Sampled.
Step 16101: (loss: 0.08453865349292755, loss_fm: 0.08453865349292755, loss_sc: 0.0027395994402468204, lr: 6.18972540594174e-05)
Step 16201: (loss: 0.07567557692527771, loss_fm: 0.07567557692527771, loss_sc: 0.0029685883782804012, lr: 6.177902170886349e-05)
Step 16301: (loss: 0.0808512270450592, loss_fm: 0.0808512270450592, loss_sc: 0.002083074301481247, lr: 6.166146424902952e-05)
Step 16401: (loss: 0.0815540999174118, loss_fm: 0.0815540999174118, loss_sc: 0.002786921337246895, lr: 6.154457528821467e-05)
Step 16501: (loss: 0.08350913226604462, loss_fm: 0.08350913226604462, loss_sc: 0.002603337401524186, lr: 6.142834851873561e-05)
Step 16601: (loss: 0.07425074279308319, loss_fm: 0.07425074279308319, loss_sc: 0.000654315750580281, lr: 6.131277771554844e-05)
Step 16701: (loss: 0.07914675027132034, loss_fm: 0.07914675027132034, loss_sc: 0.0017162314616143703, lr: 6.119785673489463e-05)
Step 16801: (loss: 0.07891228795051575, loss_fm: 0.07891228795051575, loss_sc: 0.0037111761048436165, lr: 6.108357951297122e-05)
Step 16901: (loss: 0.08168799430131912, loss_fm: 0.08168799430131912, loss_sc: 0.0033371150493621826, lr: 6.0969940064624795e-05)
Step 17001: (loss: 0.07255531847476959, loss_fm: 0.07255531847476959, loss_sc: 0.0014810204738751054, lr: 6.085693248206909e-05)
Step 17101: (loss: 0.08364671468734741, loss_fm: 0.08364671468734741, loss_sc: 0.0033549044746905565, lr: 6.0744550933625835e-05)
Step 17201: (loss: 0.07913564145565033, loss_fm: 0.07913564145565033, loss_sc: 0.0015644680242985487, lr: 6.063278966248868e-05)
Step 17301: (loss: 0.07770749181509018, loss_fm: 0.07770749181509018, loss_sc: 0.001150852651335299, lr: 6.052164298550974e-05)
Step 17401: (loss: 0.08111346513032913, loss_fm: 0.08111346513032913, loss_sc: 0.0010969092836603522, lr: 6.04111052920085e-05)
Step 17501: (loss: 0.08131556957960129, loss_fm: 0.08131556957960129, loss_sc: 0.004111037589609623, lr: 6.0301171042602774e-05)
Step 17601: (loss: 0.07704392075538635, loss_fm: 0.07704392075538635, loss_sc: 0.0005911397165618837, lr: 6.01918347680613e-05)
Step 17701: (loss: 0.06890901178121567, loss_fm: 0.06890901178121567, loss_sc: 0.0014068365562707186, lr: 6.00830910681776e-05)
Step 17801: (loss: 0.07877799868583679, loss_fm: 0.07877799868583679, loss_sc: 0.0036470205523073673, lr: 5.997493461066492e-05)
Step 17901: (loss: 0.08327463269233704, loss_fm: 0.08327463269233704, loss_sc: 0.001143831410445273, lr: 5.986736013007151e-05)
Step 18001: (loss: 0.08475054055452347, loss_fm: 0.08475054055452347, loss_sc: 0.008532513864338398, lr: 5.976036242671647e-05)
	->->-> Saved checkpoints.
	->->-> Sampled.
Step 18101: (loss: 0.08648405969142914, loss_fm: 0.08648405969142914, loss_sc: 0.0009606684325262904, lr: 5.9653936365645096e-05)
Step 18201: (loss: 0.0857313871383667, loss_fm: 0.0857313871383667, loss_sc: 0.006242742761969566, lr: 5.954807687560394e-05)
Step 18301: (loss: 0.08243782073259354, loss_fm: 0.08243782073259354, loss_sc: 0.0029471616726368666, lr: 5.944277894803497e-05)
Step 18401: (loss: 0.07379716634750366, loss_fm: 0.07379716634750366, loss_sc: 0.0015433577354997396, lr: 5.933803763608838e-05)
Step 18501: (loss: 0.0793519914150238, loss_fm: 0.0793519914150238, loss_sc: 0.0009045967017300427, lr: 5.923384805365391e-05)
Step 18601: (loss: 0.07964830100536346, loss_fm: 0.07964830100536346, loss_sc: 0.0010603907285258174, lr: 5.913020537441019e-05)
Step 18701: (loss: 0.0847577303647995, loss_fm: 0.0847577303647995, loss_sc: 0.005275884177535772, lr: 5.9027104830891725e-05)
Step 18801: (loss: 0.08371526747941971, loss_fm: 0.08371526747941971, loss_sc: 0.003911788109689951, lr: 5.892454171357328e-05)
Step 18901: (loss: 0.08456532657146454, loss_fm: 0.08456532657146454, loss_sc: 0.0010500119533389807, lr: 5.882251136997125e-05)
Step 19001: (loss: 0.08307897299528122, loss_fm: 0.08307897299528122, loss_sc: 0.001814415561966598, lr: 5.8721009203761657e-05)
Step 19101: (loss: 0.08382952958345413, loss_fm: 0.08382952958345413, loss_sc: 0.004727657418698072, lr: 5.86200306739145e-05)
Step 19201: (loss: 0.0803176537156105, loss_fm: 0.0803176537156105, loss_sc: 0.0037987863179296255, lr: 5.8519571293844066e-05)
Step 19301: (loss: 0.0780033990740776, loss_fm: 0.0780033990740776, loss_sc: 0.0006524199852719903, lr: 5.841962663057501e-05)
Step 19401: (loss: 0.07760990411043167, loss_fm: 0.07760990411043167, loss_sc: 0.0012649125419557095, lr: 5.832019230392359e-05)
Step 19501: (loss: 0.07804561406373978, loss_fm: 0.07804561406373978, loss_sc: 0.0006224994431249797, lr: 5.822126398569413e-05)
Step 19601: (loss: 0.07553710043430328, loss_fm: 0.07553710043430328, loss_sc: 0.0010408204980194569, lr: 5.8122837398890095e-05)
Step 19701: (loss: 0.08133269101381302, loss_fm: 0.08133269101381302, loss_sc: 0.0014471894828602672, lr: 5.802490831693964e-05)
Step 19801: (loss: 0.07851936668157578, loss_fm: 0.07851936668157578, loss_sc: 0.0055923061445355415, lr: 5.792747256293527e-05)
Step 19901: (loss: 0.08245018869638443, loss_fm: 0.08245018869638443, loss_sc: 0.0029646658804267645, lr: 5.783052600888734e-05)
Step 20001: (loss: 0.08256693929433823, loss_fm: 0.08256693929433823, loss_sc: 0.004041366744786501, lr: 5.7734064574991106e-05)
	->->-> Saved checkpoints.
	->->-> Sampled.
Step 20101: (loss: 0.07935106009244919, loss_fm: 0.07935106009244919, loss_sc: 0.0007759682484902442, lr: 5.7638084228907e-05)
Step 20201: (loss: 0.07423657178878784, loss_fm: 0.07423657178878784, loss_sc: 0.0008324141963385046, lr: 5.754258098505405e-05)
Step 20301: (loss: 0.08155366778373718, loss_fm: 0.08155366778373718, loss_sc: 0.0018278093775734305, lr: 5.744755090391585e-05)
Step 20401: (loss: 0.08032423257827759, loss_fm: 0.08032423257827759, loss_sc: 0.004670110996812582, lr: 5.735299009135911e-05)
Step 20501: (loss: 0.08306576311588287, loss_fm: 0.08306576311588287, loss_sc: 0.0059034815058112144, lr: 5.725889469796439e-05)
Step 20601: (loss: 0.0828859806060791, loss_fm: 0.0828859806060791, loss_sc: 0.003696922678500414, lr: 5.7165260918368785e-05)
Step 20701: (loss: 0.07414256781339645, loss_fm: 0.07414256781339645, loss_sc: 0.001974056474864483, lr: 5.707208499062032e-05)
Step 20801: (loss: 0.08096352219581604, loss_fm: 0.08096352219581604, loss_sc: 0.0023732318077236414, lr: 5.697936319554386e-05)
Step 20901: (loss: 0.09168648719787598, loss_fm: 0.09168648719787598, loss_sc: 0.0007839667377993464, lr: 5.68870918561182e-05)
Step 21001: (loss: 0.08165953308343887, loss_fm: 0.08165953308343887, loss_sc: 0.0023350734263658524, lr: 5.679526733686417e-05)
Step 21101: (loss: 0.08534710854291916, loss_fm: 0.08534710854291916, loss_sc: 0.005746709182858467, lr: 5.67038860432436e-05)
Step 21201: (loss: 0.08727871626615524, loss_fm: 0.08727871626615524, loss_sc: 0.0023738944437354803, lr: 5.661294442106871e-05)
Step 21301: (loss: 0.08258350193500519, loss_fm: 0.08258350193500519, loss_sc: 0.0007207828457467258, lr: 5.652243895592202e-05)
Step 21401: (loss: 0.08596507459878922, loss_fm: 0.08596507459878922, loss_sc: 0.0010396036086604, lr: 5.6432366172586174e-05)
Step 21501: (loss: 0.08081074059009552, loss_fm: 0.08081074059009552, loss_sc: 0.0010122815147042274, lr: 5.634272263448389e-05)
Step 21601: (loss: 0.08278349041938782, loss_fm: 0.08278349041938782, loss_sc: 0.001471044379286468, lr: 5.6253504943127626e-05)
Step 21701: (loss: 0.0807173103094101, loss_fm: 0.0807173103094101, loss_sc: 0.0017588649643585086, lr: 5.616470973757854e-05)
Step 21801: (loss: 0.08129601180553436, loss_fm: 0.08129601180553436, loss_sc: 0.0016237105010077357, lr: 5.6076333693915154e-05)
Step 21901: (loss: 0.08687478303909302, loss_fm: 0.08687478303909302, loss_sc: 0.0013992831809446216, lr: 5.598837352471085e-05)
Step 22001: (loss: 0.07178732752799988, loss_fm: 0.07178732752799988, loss_sc: 0.0016010792460292578, lr: 5.59008259785205e-05)
	->->-> Saved checkpoints.
	->->-> Sampled.
Step 22101: (loss: 0.07893446832895279, loss_fm: 0.07893446832895279, loss_sc: 0.0014959473628550768, lr: 5.581368783937582e-05)
Step 22201: (loss: 0.07649059593677521, loss_fm: 0.07649059593677521, loss_sc: 0.000936891243327409, lr: 5.5726955926289455e-05)
Step 22301: (loss: 0.08198654651641846, loss_fm: 0.08198654651641846, loss_sc: 0.0011654113186523318, lr: 5.564062709276725e-05)
Step 22401: (loss: 0.07920551300048828, loss_fm: 0.07920551300048828, loss_sc: 0.0007765807094983757, lr: 5.555469822632904e-05)
Step 22501: (loss: 0.08079295605421066, loss_fm: 0.08079295605421066, loss_sc: 0.0013733600499108434, lr: 5.546916624803742e-05)
Step 22601: (loss: 0.07948611676692963, loss_fm: 0.07948611676692963, loss_sc: 0.0041485922411084175, lr: 5.538402811203454e-05)
Step 22701: (loss: 0.07881252467632294, loss_fm: 0.07881252467632294, loss_sc: 0.0006135217845439911, lr: 5.529928080508654e-05)
Step 22801: (loss: 0.07438202947378159, loss_fm: 0.07438202947378159, loss_sc: 0.0011992272920906544, lr: 5.521492134613582e-05)
Step 22901: (loss: 0.08049506694078445, loss_fm: 0.08049506694078445, loss_sc: 0.0023946610745042562, lr: 5.5130946785860604e-05)
Step 23001: (loss: 0.08385614305734634, loss_fm: 0.08385614305734634, loss_sc: 0.0007224332075566053, lr: 5.504735420624202e-05)
Step 23101: (loss: 0.07934760302305222, loss_fm: 0.07934760302305222, loss_sc: 0.0026955564972013235, lr: 5.496414072013818e-05)
Step 23201: (loss: 0.0817611962556839, loss_fm: 0.0817611962556839, loss_sc: 0.0015240892535075545, lr: 5.488130347086552e-05)
Step 23301: (loss: 0.08469325304031372, loss_fm: 0.08469325304031372, loss_sc: 0.006211279891431332, lr: 5.479883963178689e-05)
Step 23401: (loss: 0.07043008506298065, loss_fm: 0.07043008506298065, loss_sc: 0.0011135870590806007, lr: 5.471674640590649e-05)
Step 23501: (loss: 0.07481769472360611, loss_fm: 0.07481769472360611, loss_sc: 0.0009370489278808236, lr: 5.46350210254715e-05)
Step 23601: (loss: 0.07902535796165466, loss_fm: 0.07902535796165466, loss_sc: 0.0025251570623368025, lr: 5.455366075158013e-05)
Step 23701: (loss: 0.08073381334543228, loss_fm: 0.08073381334543228, loss_sc: 0.0016134903999045491, lr: 5.447266287379619e-05)
Step 23801: (loss: 0.08058653771877289, loss_fm: 0.08058653771877289, loss_sc: 0.002668985864147544, lr: 5.43920247097698e-05)
Step 23901: (loss: 0.08211607486009598, loss_fm: 0.08211607486009598, loss_sc: 0.0023474330082535744, lr: 5.431174360486439e-05)
Step 24001: (loss: 0.08194252848625183, loss_fm: 0.08194252848625183, loss_sc: 0.0014652229147031903, lr: 5.423181693178967e-05)
	->->-> Saved checkpoints.
	->->-> Sampled.
Step 24101: (loss: 0.07878727465867996, loss_fm: 0.07878727465867996, loss_sc: 0.0025577733758836985, lr: 5.4152242090240425e-05)
Step 24201: (loss: 0.07985472679138184, loss_fm: 0.07985472679138184, loss_sc: 0.0012163798091933131, lr: 5.4073016506541335e-05)
Step 24301: (loss: 0.08251786231994629, loss_fm: 0.08251786231994629, loss_sc: 0.002180479234084487, lr: 5.399413763329733e-05)
Step 24401: (loss: 0.08243632316589355, loss_fm: 0.08243632316589355, loss_sc: 0.007592678535729647, lr: 5.391560294904957e-05)
Step 24501: (loss: 0.08120108395814896, loss_fm: 0.08120108395814896, loss_sc: 0.0044050500728189945, lr: 5.383740995793695e-05)
Step 24601: (loss: 0.07816058397293091, loss_fm: 0.07816058397293091, loss_sc: 0.0067253559827804565, lr: 5.375955618936293e-05)
Step 24701: (loss: 0.08195605874061584, loss_fm: 0.08195605874061584, loss_sc: 0.0004743135068565607, lr: 5.368203919766772e-05)
Step 24801: (loss: 0.08298250287771225, loss_fm: 0.08298250287771225, loss_sc: 0.00420202873647213, lr: 5.360485656180559e-05)
Step 24901: (loss: 0.07935766130685806, loss_fm: 0.07935766130685806, loss_sc: 0.001148879062384367, lr: 5.35280058850273e-05)
Step 25001: (loss: 0.08032659441232681, loss_fm: 0.08032659441232681, loss_sc: 0.0018311039311811328, lr: 5.345148479456746e-05)
Step 25101: (loss: 0.09113122522830963, loss_fm: 0.09113122522830963, loss_sc: 0.007313730660825968, lr: 5.3375290941336937e-05)
Step 25201: (loss: 0.07191650569438934, loss_fm: 0.07191650569438934, loss_sc: 0.000515879422891885, lr: 5.329942199961987e-05)
Step 25301: (loss: 0.07824226468801498, loss_fm: 0.07824226468801498, loss_sc: 0.0023280042223632336, lr: 5.32238756667756e-05)
Step 25401: (loss: 0.07945187389850616, loss_fm: 0.07945187389850616, loss_sc: 0.0012258210917934775, lr: 5.314864966294508e-05)
Step 25501: (loss: 0.08500351756811142, loss_fm: 0.08500351756811142, loss_sc: 0.00309403776191175, lr: 5.307374173076197e-05)
Step 25601: (loss: 0.08080567419528961, loss_fm: 0.08080567419528961, loss_sc: 0.003773295786231756, lr: 5.299914963506808e-05)
Step 25701: (loss: 0.0792519748210907, loss_fm: 0.0792519748210907, loss_sc: 0.004181976895779371, lr: 5.292487116263326e-05)
Step 25801: (loss: 0.08665279299020767, loss_fm: 0.08665279299020767, loss_sc: 0.002550652716308832, lr: 5.28509041218796e-05)
Step 25901: (loss: 0.08105044811964035, loss_fm: 0.08105044811964035, loss_sc: 0.0025399441365152597, lr: 5.277724634260983e-05)
Step 26001: (loss: 0.073807492852211, loss_fm: 0.073807492852211, loss_sc: 0.0008675387362018228, lr: 5.270389567573993e-05)
	->->-> Saved checkpoints.
	->->-> Sampled.
Step 26101: (loss: 0.0818437710404396, loss_fm: 0.0818437710404396, loss_sc: 0.0007996069616638124, lr: 5.2630849993035696e-05)
Step 26201: (loss: 0.07809913158416748, loss_fm: 0.07809913158416748, loss_sc: 0.0009749979944899678, lr: 5.255810718685345e-05)
Step 26301: (loss: 0.076036237180233, loss_fm: 0.076036237180233, loss_sc: 0.0013222499983385205, lr: 5.248566516988459e-05)
Step 26401: (loss: 0.07874773442745209, loss_fm: 0.07874773442745209, loss_sc: 0.002726353472098708, lr: 5.241352187490406e-05)
Step 26501: (loss: 0.07847122848033905, loss_fm: 0.07847122848033905, loss_sc: 0.002587285591289401, lr: 5.2341675254522524e-05)
Step 26601: (loss: 0.07915840297937393, loss_fm: 0.07915840297937393, loss_sc: 0.0014368827687576413, lr: 5.22701232809424e-05)
Step 26701: (loss: 0.08511330932378769, loss_fm: 0.08511330932378769, loss_sc: 0.0030006826855242252, lr: 5.219886394571741e-05)
Step 26801: (loss: 0.07616572827100754, loss_fm: 0.07616572827100754, loss_sc: 0.0006891193916089833, lr: 5.212789525951587e-05)
Step 26901: (loss: 0.08369679749011993, loss_fm: 0.08369679749011993, loss_sc: 0.0075817410834133625, lr: 5.2057215251887346e-05)
Step 27001: (loss: 0.08116723597049713, loss_fm: 0.08116723597049713, loss_sc: 0.004030081443488598, lr: 5.198682197103292e-05)
Step 27101: (loss: 0.08881586790084839, loss_fm: 0.08881586790084839, loss_sc: 0.008860550820827484, lr: 5.191671348357883e-05)
Step 27201: (loss: 0.08334553986787796, loss_fm: 0.08334553986787796, loss_sc: 0.0049367486499249935, lr: 5.184688787435339e-05)
Step 27301: (loss: 0.07820702344179153, loss_fm: 0.07820702344179153, loss_sc: 0.0016808864893391728, lr: 5.17773432461673e-05)
Step 27401: (loss: 0.07862533628940582, loss_fm: 0.07862533628940582, loss_sc: 0.0012998151360079646, lr: 5.170807771959712e-05)
Step 27501: (loss: 0.07554677873849869, loss_fm: 0.07554677873849869, loss_sc: 0.0033021376002579927, lr: 5.1639089432771916e-05)
Step 27601: (loss: 0.07523034512996674, loss_fm: 0.07523034512996674, loss_sc: 0.003195608966052532, lr: 5.157037654116314e-05)
Step 27701: (loss: 0.07794388383626938, loss_fm: 0.07794388383626938, loss_sc: 0.002091232920065522, lr: 5.1501937217377396e-05)
Step 27801: (loss: 0.0819760262966156, loss_fm: 0.0819760262966156, loss_sc: 0.0017761669587343931, lr: 5.143376965095237e-05)
Step 27901: (loss: 0.07453762739896774, loss_fm: 0.07453762739896774, loss_sc: 0.0005330434651114047, lr: 5.1365872048155686e-05)
Step 28001: (loss: 0.0798817127943039, loss_fm: 0.0798817127943039, loss_sc: 0.002579445717856288, lr: 5.129824263178664e-05)
	->->-> Saved checkpoints.
	->->-> Sampled.
Step 28101: (loss: 0.07900111377239227, loss_fm: 0.07900111377239227, loss_sc: 0.0031788332853466272, lr: 5.1230879640980826e-05)
Step 28201: (loss: 0.08139443397521973, loss_fm: 0.08139443397521973, loss_sc: 0.004768802784383297, lr: 5.1163781331017556e-05)
Step 28301: (loss: 0.0835825651884079, loss_fm: 0.0835825651884079, loss_sc: 0.0019673891365528107, lr: 5.1096945973130104e-05)
Step 28401: (loss: 0.080023854970932, loss_fm: 0.080023854970932, loss_sc: 0.003018296090885997, lr: 5.103037185431859e-05)
Step 28501: (loss: 0.07222801446914673, loss_fm: 0.07222801446914673, loss_sc: 0.0018420240376144648, lr: 5.0964057277165604e-05)
Step 28601: (loss: 0.07837899029254913, loss_fm: 0.07837899029254913, loss_sc: 0.0009225324029102921, lr: 5.08980005596544e-05)
Step 28701: (loss: 0.07590282708406448, loss_fm: 0.07590282708406448, loss_sc: 0.0023705584462732077, lr: 5.0832200034989736e-05)
Step 28801: (loss: 0.0808819830417633, loss_fm: 0.0808819830417633, loss_sc: 0.004132349044084549, lr: 5.0766654051421226e-05)
Step 28901: (loss: 0.07195988297462463, loss_fm: 0.07195988297462463, loss_sc: 0.001134282909333706, lr: 5.070136097206917e-05)
Step 29001: (loss: 0.0809444934129715, loss_fm: 0.0809444934129715, loss_sc: 0.001771193346939981, lr: 5.063631917475287e-05)
Step 29101: (loss: 0.0776263102889061, loss_fm: 0.0776263102889061, loss_sc: 0.0008138276753015816, lr: 5.057152705182141e-05)
Step 29201: (loss: 0.08826010674238205, loss_fm: 0.08826010674238205, loss_sc: 0.002530379220843315, lr: 5.050698300998663e-05)
Step 29301: (loss: 0.08030690252780914, loss_fm: 0.08030690252780914, loss_sc: 0.0004512955783866346, lr: 5.0442685470158725e-05)
Step 29401: (loss: 0.07947386801242828, loss_fm: 0.07947386801242828, loss_sc: 0.0024453510995954275, lr: 5.0378632867283845e-05)
Step 29501: (loss: 0.08931245654821396, loss_fm: 0.08931245654821396, loss_sc: 0.006606990471482277, lr: 5.031482365018416e-05)
Step 29601: (loss: 0.08569330722093582, loss_fm: 0.08569330722093582, loss_sc: 0.0046762097626924515, lr: 5.025125628140014e-05)
Step 29701: (loss: 0.08148585259914398, loss_fm: 0.08148585259914398, loss_sc: 0.0013125021941959858, lr: 5.018792923703481e-05)
Step 29801: (loss: 0.0781937688589096, loss_fm: 0.0781937688589096, loss_sc: 0.0020032627508044243, lr: 5.0124841006600464e-05)
Step 29901: (loss: 0.07707787305116653, loss_fm: 0.07707787305116653, loss_sc: 0.001931026577949524, lr: 5.0061990092867224e-05)
Step 30001: (loss: 0.07431665062904358, loss_fm: 0.07431665062904358, loss_sc: 0.0005132301012054086, lr: 4.999937501171391e-05)
	->->-> Saved checkpoints.
	->->-> Sampled.
Step 30101: (loss: 0.07854152470827103, loss_fm: 0.07854152470827103, loss_sc: 0.0048974123783409595, lr: 4.9936994291980744e-05)
Step 30201: (loss: 0.07531381398439407, loss_fm: 0.07531381398439407, loss_sc: 0.0033659422770142555, lr: 4.9874846475324266e-05)
Step 30301: (loss: 0.08568106591701508, loss_fm: 0.08568106591701508, loss_sc: 0.0032593407668173313, lr: 4.981293011607402e-05)
Step 30401: (loss: 0.07660619914531708, loss_fm: 0.07660619914531708, loss_sc: 0.0006248532445169985, lr: 4.975124378109147e-05)
Step 30501: (loss: 0.07851067185401917, loss_fm: 0.07851067185401917, loss_sc: 0.0005635584238916636, lr: 4.96897860496305e-05)
Step 30601: (loss: 0.08394939452409744, loss_fm: 0.08394939452409744, loss_sc: 0.0027944876346737146, lr: 4.962855551320013e-05)
Step 30701: (loss: 0.07845346629619598, loss_fm: 0.07845346629619598, loss_sc: 0.0007968518184497952, lr: 4.9567550775428854e-05)
Step 30801: (loss: 0.07897410541772842, loss_fm: 0.07897410541772842, loss_sc: 0.001676631742157042, lr: 4.950677045193087e-05)
Step 30901: (loss: 0.07884211838245392, loss_fm: 0.07884211838245392, loss_sc: 0.0016608781879767776, lr: 4.9446213170174215e-05)
Step 31001: (loss: 0.07925643026828766, loss_fm: 0.07925643026828766, loss_sc: 0.0004564636619761586, lr: 4.93858775693505e-05)
Step 31101: (loss: 0.06883296370506287, loss_fm: 0.06883296370506287, loss_sc: 0.0004375140997581184, lr: 4.932576230024654e-05)
Step 31201: (loss: 0.08710254728794098, loss_fm: 0.08710254728794098, loss_sc: 0.00430385721847415, lr: 4.92658660251176e-05)
Step 31301: (loss: 0.0723159909248352, loss_fm: 0.0723159909248352, loss_sc: 0.0009694266482256353, lr: 4.9206187417562355e-05)
Step 31401: (loss: 0.08426717668771744, loss_fm: 0.08426717668771744, loss_sc: 0.001267308252863586, lr: 4.914672516239955e-05)
Step 31501: (loss: 0.07866010069847107, loss_fm: 0.07866010069847107, loss_sc: 0.0010381959145888686, lr: 4.9087477955546234e-05)
Step 31601: (loss: 0.08662606030702591, loss_fm: 0.08662606030702591, loss_sc: 0.006773488130420446, lr: 4.9028444503897685e-05)
Step 31701: (loss: 0.0739196315407753, loss_fm: 0.0739196315407753, loss_sc: 0.0019062997307628393, lr: 4.896962352520879e-05)
Step 31801: (loss: 0.08393174409866333, loss_fm: 0.08393174409866333, loss_sc: 0.0033168853260576725, lr: 4.891101374797717e-05)
Step 31901: (loss: 0.08329067379236221, loss_fm: 0.08329067379236221, loss_sc: 0.006199494935572147, lr: 4.885261391132764e-05)
Step 32001: (loss: 0.07378143817186356, loss_fm: 0.07378143817186356, loss_sc: 0.0007642263080924749, lr: 4.8794422764898366e-05)
	->->-> Saved checkpoints.
	->->-> Sampled.
Step 32101: (loss: 0.07594787329435349, loss_fm: 0.07594787329435349, loss_sc: 0.0010244871955364943, lr: 4.873643906872837e-05)
Step 32201: (loss: 0.0797814428806305, loss_fm: 0.0797814428806305, loss_sc: 0.0019383192993700504, lr: 4.867866159314656e-05)
Step 32301: (loss: 0.08092226833105087, loss_fm: 0.08092226833105087, loss_sc: 0.003099063877016306, lr: 4.862108911866224e-05)
Step 32401: (loss: 0.07990153133869171, loss_fm: 0.07990153133869171, loss_sc: 0.004803254269063473, lr: 4.856372043585695e-05)
Step 32501: (loss: 0.0814574807882309, loss_fm: 0.0814574807882309, loss_sc: 0.007925665937364101, lr: 4.850655434527781e-05)
Step 32601: (loss: 0.08500156551599503, loss_fm: 0.08500156551599503, loss_sc: 0.0061916690319776535, lr: 4.8449589657332154e-05)
Step 32701: (loss: 0.0805744081735611, loss_fm: 0.0805744081735611, loss_sc: 0.004324851557612419, lr: 4.8392825192183546e-05)
Step 32801: (loss: 0.08690628409385681, loss_fm: 0.08690628409385681, loss_sc: 0.0012791166082024574, lr: 4.833625977964921e-05)
Step 32901: (loss: 0.08283662050962448, loss_fm: 0.08283662050962448, loss_sc: 0.0002921063860412687, lr: 4.827989225909865e-05)
Step 33001: (loss: 0.07807216793298721, loss_fm: 0.07807216793298721, loss_sc: 0.0026475682388991117, lr: 4.8223721479353646e-05)
Step 33101: (loss: 0.07589281350374222, loss_fm: 0.07589281350374222, loss_sc: 0.0010886272648349404, lr: 4.816774629858951e-05)
Step 33201: (loss: 0.07952053099870682, loss_fm: 0.07952053099870682, loss_sc: 0.0011069562751799822, lr: 4.8111965584237594e-05)
Step 33301: (loss: 0.07702329009771347, loss_fm: 0.07702329009771347, loss_sc: 0.001021200092509389, lr: 4.8056378212889076e-05)
Step 33401: (loss: 0.08586248755455017, loss_fm: 0.08586248755455017, loss_sc: 0.0008998584235087037, lr: 4.800098307019987e-05)
Step 33501: (loss: 0.07493770122528076, loss_fm: 0.07493770122528076, loss_sc: 0.000413563015172258, lr: 4.7945779050796864e-05)
Step 33601: (loss: 0.07449065148830414, loss_fm: 0.07449065148830414, loss_sc: 0.0006476243725046515, lr: 4.7890765058185224e-05)
Step 33701: (loss: 0.08002767711877823, loss_fm: 0.08002767711877823, loss_sc: 0.0005387539276853204, lr: 4.783594000465696e-05)
Step 33801: (loss: 0.07725173979997635, loss_fm: 0.07725173979997635, loss_sc: 0.0009461725712753832, lr: 4.778130281120058e-05)
Step 33901: (loss: 0.07574150711297989, loss_fm: 0.07574150711297989, loss_sc: 0.0017125752056017518, lr: 4.7726852407411925e-05)
Step 34001: (loss: 0.06868450343608856, loss_fm: 0.06868450343608856, loss_sc: 0.0005290218978188932, lr: 4.767258773140604e-05)
	->->-> Saved checkpoints.
	->->-> Sampled.
Step 34101: (loss: 0.0737072080373764, loss_fm: 0.0737072080373764, loss_sc: 0.0014882440445944667, lr: 4.761850772973024e-05)
Step 34201: (loss: 0.08115625381469727, loss_fm: 0.08115625381469727, loss_sc: 0.0067249201238155365, lr: 4.75646113572782e-05)
Step 34301: (loss: 0.08369123935699463, loss_fm: 0.08369123935699463, loss_sc: 0.002252398058772087, lr: 4.751089757720511e-05)
Step 34401: (loss: 0.07917249947786331, loss_fm: 0.07917249947786331, loss_sc: 0.00298096495680511, lr: 4.7457365360843945e-05)
Step 34501: (loss: 0.07443667203187943, loss_fm: 0.07443667203187943, loss_sc: 0.00283055636100471, lr: 4.740401368762267e-05)
Step 34601: (loss: 0.07010699063539505, loss_fm: 0.07010699063539505, loss_sc: 0.0018226421670988202, lr: 4.735084154498255e-05)
Step 34701: (loss: 0.07363319396972656, loss_fm: 0.07363319396972656, loss_sc: 0.0014391527511179447, lr: 4.729784792829742e-05)
Step 34801: (loss: 0.07294023036956787, loss_fm: 0.07294023036956787, loss_sc: 0.0028754703234881163, lr: 4.7245031840794e-05)
Step 34901: (loss: 0.08344005048274994, loss_fm: 0.08344005048274994, loss_sc: 0.0033149109221994877, lr: 4.719239229347308e-05)
Step 35001: (loss: 0.08572021126747131, loss_fm: 0.08572021126747131, loss_sc: 0.005580519326031208, lr: 4.713992830503181e-05)
Step 35101: (loss: 0.07696522027254105, loss_fm: 0.07696522027254105, loss_sc: 0.0013253132347017527, lr: 4.708763890178683e-05)
Step 35201: (loss: 0.07789327204227448, loss_fm: 0.07789327204227448, loss_sc: 0.00086782849393785, lr: 4.703552311759834e-05)
Step 35301: (loss: 0.08377297967672348, loss_fm: 0.08377297967672348, loss_sc: 0.003113063285127282, lr: 4.6983579993795206e-05)
Step 35401: (loss: 0.07807409763336182, loss_fm: 0.07807409763336182, loss_sc: 0.00036374645424075425, lr: 4.6931808579100826e-05)
Step 35501: (loss: 0.0786387249827385, loss_fm: 0.0786387249827385, loss_sc: 0.0026251771487295628, lr: 4.688020792955998e-05)
Step 35601: (loss: 0.07951682060956955, loss_fm: 0.07951682060956955, loss_sc: 0.0033463463187217712, lr: 4.6828777108466545e-05)
Step 35701: (loss: 0.07973825931549072, loss_fm: 0.07973825931549072, loss_sc: 0.003243502229452133, lr: 4.677751518629206e-05)
Step 35801: (loss: 0.07324688881635666, loss_fm: 0.07324688881635666, loss_sc: 0.0004919827915728092, lr: 4.67264212406152e-05)
Step 35901: (loss: 0.08220112323760986, loss_fm: 0.08220112323760986, loss_sc: 0.0025107820983976126, lr: 4.667549435605201e-05)
Step 36001: (loss: 0.07437904179096222, loss_fm: 0.07437904179096222, loss_sc: 0.002305553527548909, lr: 4.6624733624187074e-05)
	->->-> Saved checkpoints.
	->->-> Sampled.
Step 36101: (loss: 0.07833355665206909, loss_fm: 0.07833355665206909, loss_sc: 0.003585737431421876, lr: 4.6574138143505436e-05)
Step 36201: (loss: 0.08142171055078506, loss_fm: 0.08142171055078506, loss_sc: 0.0014813016168773174, lr: 4.6523707019325364e-05)
Step 36301: (loss: 0.08942443877458572, loss_fm: 0.08942443877458572, loss_sc: 0.0028225232381373644, lr: 4.647343936373187e-05)
Step 36401: (loss: 0.07854951918125153, loss_fm: 0.07854951918125153, loss_sc: 0.0004951590090058744, lr: 4.64233342955111e-05)
Step 36501: (loss: 0.07814483344554901, loss_fm: 0.07814483344554901, loss_sc: 0.0014535000082105398, lr: 4.637339094008538e-05)
Step 36601: (loss: 0.07692508399486542, loss_fm: 0.07692508399486542, loss_sc: 0.00028399977600201964, lr: 4.63236084294492e-05)
Step 36701: (loss: 0.07786356657743454, loss_fm: 0.07786356657743454, loss_sc: 0.001862062606960535, lr: 4.627398590210574e-05)
Step 36801: (loss: 0.07781053334474564, loss_fm: 0.07781053334474564, loss_sc: 0.001070450060069561, lr: 4.6224522503004354e-05)
Step 36901: (loss: 0.0790463462471962, loss_fm: 0.0790463462471962, loss_sc: 0.0003966860531363636, lr: 4.61752173834786e-05)
Step 37001: (loss: 0.07858870923519135, loss_fm: 0.07858870923519135, loss_sc: 0.00414445623755455, lr: 4.612606970118518e-05)
Step 37101: (loss: 0.0787753313779831, loss_fm: 0.0787753313779831, loss_sc: 0.0004169366729911417, lr: 4.60770786200434e-05)
Step 37201: (loss: 0.07403600215911865, loss_fm: 0.07403600215911865, loss_sc: 0.0012205331586301327, lr: 4.6028243310175495e-05)
Step 37301: (loss: 0.08060000091791153, loss_fm: 0.08060000091791153, loss_sc: 0.0018935879925265908, lr: 4.597956294784756e-05)
Step 37401: (loss: 0.0838547870516777, loss_fm: 0.0838547870516777, loss_sc: 0.0035787925589829683, lr: 4.5931036715411206e-05)
Step 37501: (loss: 0.08102917671203613, loss_fm: 0.08102917671203613, loss_sc: 0.0010401371400803328, lr: 4.5882663801245876e-05)
Step 37601: (loss: 0.08130856603384018, loss_fm: 0.08130856603384018, loss_sc: 0.003166673006489873, lr: 4.58344433997018e-05)
Step 37701: (loss: 0.07477015256881714, loss_fm: 0.07477015256881714, loss_sc: 0.001484903390519321, lr: 4.578637471104369e-05)
Step 37801: (loss: 0.07238997519016266, loss_fm: 0.07238997519016266, loss_sc: 0.0020823536906391382, lr: 4.5738456941395015e-05)
Step 37901: (loss: 0.07813646644353867, loss_fm: 0.07813646644353867, loss_sc: 0.0031491348054260015, lr: 4.56906893026829e-05)
Step 38001: (loss: 0.08247212320566177, loss_fm: 0.08247212320566177, loss_sc: 0.005060206633061171, lr: 4.5643071012583736e-05)
	->->-> Saved checkpoints.
	->->-> Sampled.
Step 38101: (loss: 0.07778742909431458, loss_fm: 0.07778742909431458, loss_sc: 0.005167641676962376, lr: 4.5595601294469314e-05)
Step 38201: (loss: 0.07992710918188095, loss_fm: 0.07992710918188095, loss_sc: 0.0035098674707114697, lr: 4.5548279377353695e-05)
Step 38301: (loss: 0.0752461850643158, loss_fm: 0.0752461850643158, loss_sc: 0.003778864862397313, lr: 4.550110449584055e-05)
Step 38401: (loss: 0.08004342019557953, loss_fm: 0.08004342019557953, loss_sc: 0.002866099588572979, lr: 4.5454075890071193e-05)
Step 38501: (loss: 0.07415599375963211, loss_fm: 0.07415599375963211, loss_sc: 0.0010188425658270717, lr: 4.5407192805673175e-05)
Step 38601: (loss: 0.07655584812164307, loss_fm: 0.07655584812164307, loss_sc: 0.0022533093579113483, lr: 4.536045449370947e-05)
Step 38701: (loss: 0.072129987180233, loss_fm: 0.072129987180233, loss_sc: 0.0005682729533873498, lr: 4.5313860210628204e-05)
Step 38801: (loss: 0.08038834482431412, loss_fm: 0.08038834482431412, loss_sc: 0.0015569697134196758, lr: 4.526740921821298e-05)
Step 38901: (loss: 0.07007084786891937, loss_fm: 0.07007084786891937, loss_sc: 0.0010466536041349173, lr: 4.522110078353377e-05)
Step 39001: (loss: 0.06985272467136383, loss_fm: 0.06985272467136383, loss_sc: 0.0004538591019809246, lr: 4.517493417889831e-05)
Step 39101: (loss: 0.07878212630748749, loss_fm: 0.07878212630748749, loss_sc: 0.001362706650979817, lr: 4.512890868180412e-05)
Step 39201: (loss: 0.07471024990081787, loss_fm: 0.07471024990081787, loss_sc: 0.002786689903587103, lr: 4.5083023574890956e-05)
Step 39301: (loss: 0.07551174610853195, loss_fm: 0.07551174610853195, loss_sc: 0.0010196655057370663, lr: 4.503727814589391e-05)
Step 39401: (loss: 0.07879925519227982, loss_fm: 0.07879925519227982, loss_sc: 0.0007252549403347075, lr: 4.499167168759691e-05)
Step 39501: (loss: 0.08601340651512146, loss_fm: 0.08601340651512146, loss_sc: 0.006157899275422096, lr: 4.494620349778686e-05)
Step 39601: (loss: 0.08075042814016342, loss_fm: 0.08075042814016342, loss_sc: 0.003395895706489682, lr: 4.490087287920817e-05)
Step 39701: (loss: 0.07740288972854614, loss_fm: 0.07740288972854614, loss_sc: 0.0005968668847344816, lr: 4.485567913951792e-05)
Step 39801: (loss: 0.07568703591823578, loss_fm: 0.07568703591823578, loss_sc: 0.0020675582345575094, lr: 4.4810621591241355e-05)
Step 39901: (loss: 0.08452872931957245, loss_fm: 0.08452872931957245, loss_sc: 0.0023467231076210737, lr: 4.4765699551728044e-05)
Step 40001: (loss: 0.08410429954528809, loss_fm: 0.08410429954528809, loss_sc: 0.000749472004827112, lr: 4.472091234310839e-05)
	->->-> Saved checkpoints.
	->->-> Sampled.
Step 40101: (loss: 0.07324641197919846, loss_fm: 0.07324641197919846, loss_sc: 0.0022108324337750673, lr: 4.4676259292250686e-05)
Step 40201: (loss: 0.0785570964217186, loss_fm: 0.0785570964217186, loss_sc: 0.001716029248200357, lr: 4.4631739730718656e-05)
Step 40301: (loss: 0.0786033347249031, loss_fm: 0.0786033347249031, loss_sc: 0.00041717340354807675, lr: 4.458735299472934e-05)
Step 40401: (loss: 0.07690943032503128, loss_fm: 0.07690943032503128, loss_sc: 0.004155498463660479, lr: 4.454309842511161e-05)
Step 40501: (loss: 0.08214142918586731, loss_fm: 0.08214142918586731, loss_sc: 0.0028469909448176622, lr: 4.449897536726504e-05)
Step 40601: (loss: 0.07616305351257324, loss_fm: 0.07616305351257324, loss_sc: 0.001704015419818461, lr: 4.44549831711192e-05)
Step 40701: (loss: 0.07680931687355042, loss_fm: 0.07680931687355042, loss_sc: 0.004900910891592503, lr: 4.441112119109347e-05)
Step 40801: (loss: 0.06856033205986023, loss_fm: 0.06856033205986023, loss_sc: 0.0004905809182673693, lr: 4.436738878605722e-05)
Step 40901: (loss: 0.07154607027769089, loss_fm: 0.07154607027769089, loss_sc: 0.0007012764690443873, lr: 4.4323785319290475e-05)
Step 41001: (loss: 0.07630199939012527, loss_fm: 0.07630199939012527, loss_sc: 0.0005305809318087995, lr: 4.428031015844496e-05)
Step 41101: (loss: 0.0803835466504097, loss_fm: 0.0803835466504097, loss_sc: 0.0011973419459536672, lr: 4.42369626755056e-05)
Step 41201: (loss: 0.07770714908838272, loss_fm: 0.07770714908838272, loss_sc: 0.0008362896624021232, lr: 4.41937422467524e-05)
Step 41301: (loss: 0.07667933404445648, loss_fm: 0.07667933404445648, loss_sc: 0.00598702859133482, lr: 4.415064825272275e-05)
Step 41401: (loss: 0.07381660491228104, loss_fm: 0.07381660491228104, loss_sc: 0.0006876467377878726, lr: 4.410768007817417e-05)
Step 41501: (loss: 0.07871118187904358, loss_fm: 0.07871118187904358, loss_sc: 0.0035274173133075237, lr: 4.406483711204738e-05)
Step 41601: (loss: 0.07913433760404587, loss_fm: 0.07913433760404587, loss_sc: 0.0018082932801917195, lr: 4.4022118747429797e-05)
Step 41701: (loss: 0.0809076800942421, loss_fm: 0.0809076800942421, loss_sc: 0.0011987776961177588, lr: 4.397952438151947e-05)
Step 41801: (loss: 0.08492740988731384, loss_fm: 0.08492740988731384, loss_sc: 0.0032610460184514523, lr: 4.393705341558929e-05)
Step 41901: (loss: 0.08198010176420212, loss_fm: 0.08198010176420212, loss_sc: 0.0026257955469191074, lr: 4.3894705254951725e-05)
Step 42001: (loss: 0.07721767574548721, loss_fm: 0.07721767574548721, loss_sc: 0.00237082177773118, lr: 4.3852479308923754e-05)
	->->-> Saved checkpoints.
	->->-> Sampled.
Step 42101: (loss: 0.07810161262750626, loss_fm: 0.07810161262750626, loss_sc: 0.003908812068402767, lr: 4.381037499079233e-05)
Step 42201: (loss: 0.07096565514802933, loss_fm: 0.07096565514802933, loss_sc: 0.001049780985340476, lr: 4.376839171778012e-05)
Step 42301: (loss: 0.08141972124576569, loss_fm: 0.08141972124576569, loss_sc: 0.0027591418474912643, lr: 4.37265289110116e-05)
Step 42401: (loss: 0.07877052575349808, loss_fm: 0.07877052575349808, loss_sc: 0.003944359719753265, lr: 4.3684785995479596e-05)
Step 42501: (loss: 0.07532457262277603, loss_fm: 0.07532457262277603, loss_sc: 0.0006603904184885323, lr: 4.3643162400012026e-05)
Step 42601: (loss: 0.07817455381155014, loss_fm: 0.07817455381155014, loss_sc: 0.0006992874550633132, lr: 4.360165755723916e-05)
Step 42701: (loss: 0.07818297296762466, loss_fm: 0.07818297296762466, loss_sc: 0.0009999200701713562, lr: 4.356027090356106e-05)
Step 42801: (loss: 0.07588867843151093, loss_fm: 0.07588867843151093, loss_sc: 0.002525731222704053, lr: 4.351900187911551e-05)
Step 42901: (loss: 0.07509958744049072, loss_fm: 0.07509958744049072, loss_sc: 0.0010271351784467697, lr: 4.347784992774615e-05)
Step 43001: (loss: 0.08123298734426498, loss_fm: 0.08123298734426498, loss_sc: 0.00522798765450716, lr: 4.343681449697101e-05)
Step 43101: (loss: 0.07305698096752167, loss_fm: 0.07305698096752167, loss_sc: 0.0004894500016234815, lr: 4.339589503795138e-05)
Step 43201: (loss: 0.07985563576221466, loss_fm: 0.07985563576221466, loss_sc: 0.000935987220145762, lr: 4.3355091005460974e-05)
Step 43301: (loss: 0.07898738235235214, loss_fm: 0.07898738235235214, loss_sc: 0.00017459959781263024, lr: 4.331440185785537e-05)
Step 43401: (loss: 0.07999980449676514, loss_fm: 0.07999980449676514, loss_sc: 0.00047851522685959935, lr: 4.327382705704187e-05)
Step 43501: (loss: 0.07546770572662354, loss_fm: 0.07546770572662354, loss_sc: 0.0006111869006417692, lr: 4.3233366068449585e-05)
Step 43601: (loss: 0.07704299688339233, loss_fm: 0.07704299688339233, loss_sc: 0.005305865313857794, lr: 4.319301836099988e-05)
Step 43701: (loss: 0.07584289461374283, loss_fm: 0.07584289461374283, loss_sc: 0.00034462951589375734, lr: 4.315278340707706e-05)
Step 43801: (loss: 0.07674355804920197, loss_fm: 0.07674355804920197, loss_sc: 0.004441301338374615, lr: 4.311266068249939e-05)
Step 43901: (loss: 0.07581321895122528, loss_fm: 0.07581321895122528, loss_sc: 0.0006481591262854636, lr: 4.307264966649046e-05)
Step 44001: (loss: 0.07599940150976181, loss_fm: 0.07599940150976181, loss_sc: 0.004150672350078821, lr: 4.3032749841650764e-05)
	->->-> Saved checkpoints.
	->->-> Sampled.
Step 44101: (loss: 0.07622301578521729, loss_fm: 0.07622301578521729, loss_sc: 0.0017949427710846066, lr: 4.2992960693929584e-05)
Step 44201: (loss: 0.08286283910274506, loss_fm: 0.08286283910274506, loss_sc: 0.0026171572972089052, lr: 4.29532817125972e-05)
Step 44301: (loss: 0.07332222163677216, loss_fm: 0.07332222163677216, loss_sc: 0.0021279349457472563, lr: 4.291371239021733e-05)
Step 44401: (loss: 0.08778732270002365, loss_fm: 0.08778732270002365, loss_sc: 0.002981990110129118, lr: 4.287425222261993e-05)
Step 44501: (loss: 0.07368782162666321, loss_fm: 0.07368782162666321, loss_sc: 0.00034589855931699276, lr: 4.2834900708874134e-05)
Step 44601: (loss: 0.07538462430238724, loss_fm: 0.07538462430238724, loss_sc: 0.0008246034849435091, lr: 4.2795657351261605e-05)
Step 44701: (loss: 0.07637791335582733, loss_fm: 0.07637791335582733, loss_sc: 0.002149419393390417, lr: 4.275652165525006e-05)
Step 44801: (loss: 0.0842149630188942, loss_fm: 0.0842149630188942, loss_sc: 0.0033098335843533278, lr: 4.2717493129467136e-05)
Step 44901: (loss: 0.08291279524564743, loss_fm: 0.08291279524564743, loss_sc: 0.0021996141877025366, lr: 4.267857128567443e-05)
Step 45001: (loss: 0.0822853296995163, loss_fm: 0.0822853296995163, loss_sc: 0.003338627051562071, lr: 4.263975563874188e-05)
Step 45101: (loss: 0.075782909989357, loss_fm: 0.075782909989357, loss_sc: 0.0009669252322055399, lr: 4.2601045706622346e-05)
Step 45201: (loss: 0.07589691877365112, loss_fm: 0.07589691877365112, loss_sc: 0.0006699878140352666, lr: 4.2562441010326494e-05)
Step 45301: (loss: 0.07440664619207382, loss_fm: 0.07440664619207382, loss_sc: 0.002278328873217106, lr: 4.252394107389788e-05)
Step 45401: (loss: 0.08016876131296158, loss_fm: 0.08016876131296158, loss_sc: 0.0006509774248115718, lr: 4.24855454243883e-05)
Step 45501: (loss: 0.07746414095163345, loss_fm: 0.07746414095163345, loss_sc: 0.0030678296461701393, lr: 4.244725359183342e-05)
Step 45601: (loss: 0.08038681000471115, loss_fm: 0.08038681000471115, loss_sc: 0.004974158946424723, lr: 4.2409065109228556e-05)
Step 45701: (loss: 0.08004000037908554, loss_fm: 0.08004000037908554, loss_sc: 0.0007134531624615192, lr: 4.237097951250484e-05)
Step 45801: (loss: 0.07482350617647171, loss_fm: 0.07482350617647171, loss_sc: 0.0024704220704734325, lr: 4.2332996340505454e-05)
Step 45901: (loss: 0.07377035915851593, loss_fm: 0.07377035915851593, loss_sc: 0.0009274902986362576, lr: 4.229511513496221e-05)
Step 46001: (loss: 0.0768045037984848, loss_fm: 0.0768045037984848, loss_sc: 0.0035816072486341, lr: 4.225733544047232e-05)
	->->-> Saved checkpoints.
	->->-> Sampled.
Step 46101: (loss: 0.07823865860700607, loss_fm: 0.07823865860700607, loss_sc: 0.0007991641759872437, lr: 4.221965680447543e-05)
Step 46201: (loss: 0.0747428685426712, loss_fm: 0.0747428685426712, loss_sc: 0.0009619502234272659, lr: 4.218207877723081e-05)
Step 46301: (loss: 0.0814235731959343, loss_fm: 0.0814235731959343, loss_sc: 0.006484946236014366, lr: 4.214460091179484e-05)
Step 46401: (loss: 0.07238443195819855, loss_fm: 0.07238443195819855, loss_sc: 0.0005326588870957494, lr: 4.210722276399864e-05)
Step 46501: (loss: 0.07924243062734604, loss_fm: 0.07924243062734604, loss_sc: 0.00472775986418128, lr: 4.2069943892426025e-05)
Step 46601: (loss: 0.08277299255132675, loss_fm: 0.08277299255132675, loss_sc: 0.003477415768429637, lr: 4.2032763858391565e-05)
Step 46701: (loss: 0.0785050168633461, loss_fm: 0.0785050168633461, loss_sc: 0.0012624445371329784, lr: 4.1995682225918885e-05)
Step 46801: (loss: 0.07541783899068832, loss_fm: 0.07541783899068832, loss_sc: 0.0002990052744280547, lr: 4.195869856171926e-05)
Step 46901: (loss: 0.08028410375118256, loss_fm: 0.08028410375118256, loss_sc: 0.0004269801138434559, lr: 4.1921812435170294e-05)
Step 47001: (loss: 0.08216333389282227, loss_fm: 0.08216333389282227, loss_sc: 0.00294500938616693, lr: 4.1885023418294874e-05)
Step 47101: (loss: 0.07439141720533371, loss_fm: 0.07439141720533371, loss_sc: 0.0014085416914895177, lr: 4.184833108574032e-05)
Step 47201: (loss: 0.0744156613945961, loss_fm: 0.0744156613945961, loss_sc: 0.001136274659074843, lr: 4.181173501475775e-05)
Step 47301: (loss: 0.07008562982082367, loss_fm: 0.07008562982082367, loss_sc: 0.0019953621085733175, lr: 4.177523478518157e-05)
Step 47401: (loss: 0.07978329807519913, loss_fm: 0.07978329807519913, loss_sc: 0.002898762933909893, lr: 4.173882997940927e-05)
Step 47501: (loss: 0.07449246942996979, loss_fm: 0.07449246942996979, loss_sc: 0.00211818958632648, lr: 4.1702520182381315e-05)
Step 47601: (loss: 0.07069233804941177, loss_fm: 0.07069233804941177, loss_sc: 0.0019903809297829866, lr: 4.166630498156129e-05)
Step 47701: (loss: 0.07968021184206009, loss_fm: 0.07968021184206009, loss_sc: 0.0018012921791523695, lr: 4.163018396691621e-05)
Step 47801: (loss: 0.07334789633750916, loss_fm: 0.07334789633750916, loss_sc: 0.0014252455439418554, lr: 4.159415673089703e-05)
Step 47901: (loss: 0.07610257714986801, loss_fm: 0.07610257714986801, loss_sc: 0.0030947327613830566, lr: 4.155822286841931e-05)
Step 48001: (loss: 0.07924870401620865, loss_fm: 0.07924870401620865, loss_sc: 0.0004230070044286549, lr: 4.15223819768441e-05)
	->->-> Saved checkpoints.
	->->-> Sampled.
Step 48101: (loss: 0.08214794099330902, loss_fm: 0.08214794099330902, loss_sc: 0.0013895294396206737, lr: 4.1486633655959005e-05)
Step 48201: (loss: 0.0845433697104454, loss_fm: 0.0845433697104454, loss_sc: 0.003816612996160984, lr: 4.145097750795938e-05)
Step 48301: (loss: 0.08058540523052216, loss_fm: 0.08058540523052216, loss_sc: 0.006368568167090416, lr: 4.141541313742977e-05)
Step 48401: (loss: 0.07755694538354874, loss_fm: 0.07755694538354874, loss_sc: 0.0012854213127866387, lr: 4.137994015132549e-05)
Step 48501: (loss: 0.07659143209457397, loss_fm: 0.07659143209457397, loss_sc: 0.0007408077362924814, lr: 4.134455815895432e-05)
Step 48601: (loss: 0.07713203132152557, loss_fm: 0.07713203132152557, loss_sc: 0.0013933633454144, lr: 4.1309266771958555e-05)
Step 48701: (loss: 0.08730601519346237, loss_fm: 0.08730601519346237, loss_sc: 0.002501351060345769, lr: 4.127406560429698e-05)
Step 48801: (loss: 0.07785803824663162, loss_fm: 0.07785803824663162, loss_sc: 0.003903703298419714, lr: 4.12389542722272e-05)
Step 48901: (loss: 0.07076508551836014, loss_fm: 0.07076508551836014, loss_sc: 0.0017045160057023168, lr: 4.120393239428805e-05)
Step 49001: (loss: 0.07256375253200531, loss_fm: 0.07256375253200531, loss_sc: 0.002652893541380763, lr: 4.116899959128221e-05)
Step 49101: (loss: 0.07563701272010803, loss_fm: 0.07563701272010803, loss_sc: 0.0005335778696462512, lr: 4.11341554862589e-05)
Step 49201: (loss: 0.07188515365123749, loss_fm: 0.07188515365123749, loss_sc: 0.0023364268708974123, lr: 4.109939970449689e-05)
Step 49301: (loss: 0.07162454724311829, loss_fm: 0.07162454724311829, loss_sc: 0.0013891947455704212, lr: 4.106473187348749e-05)
Step 49401: (loss: 0.07486763596534729, loss_fm: 0.07486763596534729, loss_sc: 0.004323648288846016, lr: 4.1030151622917826e-05)
Step 49501: (loss: 0.08237773925065994, loss_fm: 0.08237773925065994, loss_sc: 0.00381278432905674, lr: 4.0995658584654215e-05)
Step 49601: (loss: 0.07760749757289886, loss_fm: 0.07760749757289886, loss_sc: 0.0018982520559802651, lr: 4.0961252392725714e-05)
Step 49701: (loss: 0.08029573410749435, loss_fm: 0.08029573410749435, loss_sc: 0.00401852885261178, lr: 4.0926932683307764e-05)
Step 49801: (loss: 0.07282377779483795, loss_fm: 0.07282377779483795, loss_sc: 0.0028275232762098312, lr: 4.089269909470613e-05)
Step 49901: (loss: 0.0720280259847641, loss_fm: 0.0720280259847641, loss_sc: 0.0005288305110298097, lr: 4.085855126734079e-05)
Step 50001: (loss: 0.08704325556755066, loss_fm: 0.08704325556755066, loss_sc: 0.0005577700794674456, lr: 4.082448884373011e-05)
	->->-> Saved checkpoints.
	->->-> Sampled.
Step 50101: (loss: 0.07371105253696442, loss_fm: 0.07371105253696442, loss_sc: 0.0023947216104716063, lr: 4.079051146847515e-05)
Step 50201: (loss: 0.06924352794885635, loss_fm: 0.06924352794885635, loss_sc: 0.0004850061086472124, lr: 4.0756618788244054e-05)
